{
  "RSpec": {
    "coverage": {
      "/Users/leslie/makersacademy/battle/app.rb": {
        "lines": [
          1,
          1,
          null,
          1,
          1,
          0,
          null,
          1,
          null,
          1,
          5,
          null,
          null,
          1,
          3,
          3,
          3,
          null,
          null,
          1,
          3,
          3,
          3,
          null,
          null,
          1,
          1,
          1,
          1,
          null,
          null,
          1,
          null
        ]
      },
      "/Users/leslie/makersacademy/battle/spec/features/web_helpers.rb": {
        "lines": [
          1,
          null,
          1,
          3,
          3,
          3,
          3,
          null
        ]
      },
      "/Users/leslie/makersacademy/battle/spec/features/attack_spec.rb": {
        "lines": [
          1,
          1,
          1,
          1,
          1,
          null,
          null
        ]
      },
      "/Users/leslie/makersacademy/battle/spec/features/entering_names_spec.rb": {
        "lines": [
          1,
          1,
          1,
          1,
          1,
          null,
          null,
          null
        ]
      },
      "/Users/leslie/makersacademy/battle/spec/features/hit_points_spec.rb": {
        "lines": [
          1,
          1,
          1,
          1,
          1,
          null,
          null
        ]
      },
      "/Users/leslie/makersacademy/battle/spec/features/testing_infrastructure_spec.rb": {
        "lines": [
          null,
          null,
          null,
          null,
          null,
          null
        ]
      },
      "/Users/leslie/makersacademy/battle/spec/player_spec.rb": {
        "lines": [
          1,
          null,
          1,
          2,
          1,
          1,
          1,
          null,
          null,
          null
        ]
      },
      "/Users/leslie/makersacademy/battle/lib/player.rb": {
        "lines": [
          1,
          1,
          null,
          1,
          7,
          null,
          null,
          null
        ]
      }
    },
    "timestamp": 1623937670
  }
}
