{
  "RSpec": {
    "coverage": {
      "/Users/leslie/makersacademy/battle/app.rb": {
        "lines": [
          1,
          1,
          null,
          1,
          1,
          0,
          null,
          null,
          1,
          2,
          null,
          null,
          1,
          null
        ]
      },
      "/Users/leslie/makersacademy/battle/spec/features/entering_names_spec.rb": {
        "lines": [
          1,
          1,
          1,
          1,
          0,
          0,
          0,
          null,
          null,
          null
        ]
      },
      "/Users/leslie/makersacademy/battle/spec/features/testing_infrastructure_spec.rb": {
        "lines": [
          1,
          1,
          1,
          1,
          null,
          null
        ]
      }
    },
    "timestamp": 1623854489
  }
}
